<?xml version="1.0" encoding="UTF-8"?>
<!-- Generated by org.testng.reporters.JUnitReportReporter -->
<testsuite hostname="DESKTOP-FMHTC77" failures="0" tests="4" name="com.qa.tests.DemoTest" time="0.034" errors="0" timestamp="2022-10-25T20:49:30 IST" skipped="0">
  <testcase classname="com.qa.tests.DemoTest" name="div" time="0.023"/>
  <system-out/>
  <testcase classname="com.qa.tests.DemoTest" name="sub" time="0.004"/>
  <system-out/>
  <testcase classname="com.qa.tests.DemoTest" name="sum" time="0.003"/>
  <system-out/>
  <testcase classname="com.qa.tests.DemoTest" name="multiply" time="0.004"/>
  <system-out/>
</testsuite> <!-- com.qa.tests.DemoTest -->
